epoch;accuracy;loss;val_accuracy;val_loss
0;0.1039959043264389;3.4885895252227783;0.0658513605594635;3.2259387969970703
1;0.23104508221149445;2.744701385498047;0.0658513605594635;3.1896607875823975
2;0.34170082211494446;2.343667984008789;0.06396989524364471;3.1629514694213867
3;0.4330601096153259;2.029891014099121;0.08372530341148376;3.141077995300293
4;0.5124658346176147;1.777360439300537;0.08936970680952072;3.1224114894866943
5;0.5821380019187927;1.5545289516448975;0.09407337754964828;3.1043221950531006
6;0.6396858096122742;1.3627647161483765;0.09595484286546707;3.085980176925659
7;0.6840847134590149;1.2145346403121948;0.0912511795759201;3.067686080932617
8;0.7330942749977112;1.0757124423980713;0.10253997892141342;3.052481174468994
9;0.7633196711540222;0.9583017230033875;0.10159924626350403;3.0363736152648926
10;0.7932035326957703;0.8536899089813232;0.10065851360559464;3.020998954772949
11;0.8172814249992371;0.7673037052154541;0.10253997892141342;3.0042364597320557
12;0.8405054807662964;0.689095675945282;0.1044214516878128;2.988659143447876
13;0.8645833134651184;0.6209101676940918;0.12135465443134308;2.971353054046631
14;0.8712431788444519;0.5652855634689331;0.12323612719774246;2.956599712371826
15;0.8833674788475037;0.5191426277160645;0.13358420133590698;2.9406611919403076
16;0.8954917788505554;0.47656357288360596;0.13452492654323578;2.9271042346954346
17;0.9050546288490295;0.4425909221172333;0.13452492654323578;2.912060499191284
18;0.9110314249992371;0.40628546476364136;0.1307619959115982;2.8981783390045166
19;0.9241803288459778;0.3733130395412445;0.14111006259918213;2.8863203525543213
20;0.9274248480796814;0.3466091752052307;0.1439322680234909;2.8725709915161133
21;0.9334016442298889;0.3279453217983246;0.15992474555969238;2.853898048400879
22;0.9366461634635925;0.30772721767425537;0.1712135523557663;2.836848497390747
23;0.9419398903846741;0.2853371202945709;0.17591720819473267;2.8224411010742188
24;0.9450136423110962;0.2748865783214569;0.17779868841171265;2.8066470623016357
25;0.9484289884567261;0.25570520758628845;0.18156161904335022;2.791513204574585
26;0.9509904384613037;0.24439862370491028;0.1956726312637329;2.7714810371398926
27;0.9532103538513184;0.231123149394989;0.20413923263549805;2.753676414489746
28;0.9516735076904297;0.22179988026618958;0.20413923263549805;2.7368807792663574
29;0.9581625461578369;0.2077842652797699;0.20696142315864563;2.7147247791290283
30;0.9596994519233704;0.19891634583473206;0.21730950474739075;2.6870107650756836
31;0.9651639461517334;0.18986590206623077;0.21542803943157196;2.6699647903442383
32;0.9663593173027039;0.18026094138622284;0.21730950474739075;2.635484457015991
33;0.9685792326927185;0.1727854460477829;0.23047977685928345;2.610891819000244
34;0.9660177826881409;0.16930554807186127;0.23236124217510223;2.576401948928833
35;0.9707992076873779;0.16052989661693573;0.23424270749092102;2.5516018867492676
36;0.9721652865409851;0.1547505259513855;0.24553151428699493;2.5140037536621094
37;0.9696038365364075;0.15209081768989563;0.263405442237854;2.4757368564605713
38;0.9709699749946594;0.1441544145345688;0.26716840267181396;2.44294810295105
39;0.9728483557701111;0.14445528388023376;0.28598305583000183;2.403430223464966
40;0.9713114500045776;0.1360827535390854;0.29821261763572693;2.3743982315063477
41;0.9731898903846741;0.13291144371032715;0.3189087510108948;2.3128232955932617
42;0.9737021923065186;0.12895499169826508;0.3414863646030426;2.2654595375061035
43;0.9776297807693481;0.12095678597688675;0.36218249797821045;2.2138445377349854
44;0.9776297807693481;0.11933431774377823;0.38758230209350586;2.1634082794189453
45;0.9798497557640076;0.11154595762491226;0.39887112379074097;2.1133992671966553
46;0.9774590134620667;0.10969547927379608;0.4073377251625061;2.051077127456665
47;0.9813866019248962;0.10460428148508072;0.4186265170574188;2.01949143409729
48;0.9801912307739258;0.10359801352024078;0.43838194012641907;1.9671179056167603
49;0.9803619980812073;0.10092222690582275;0.4496707320213318;1.9114253520965576
50;0.9837773442268372;0.09567923843860626;0.46566322445869446;1.87061607837677
51;0.9824112057685852;0.09411150217056274;0.48165568709373474;1.8314882516860962
52;0.9820696711540222;0.09055174142122269;0.5117591619491577;1.7197482585906982
53;0.9813866019248962;0.08998235315084457;0.5136406421661377;1.7088168859481812
54;0.9846311211585999;0.08525441586971283;0.5343368053436279;1.6420745849609375
55;0.9842896461486816;0.08429174870252609;0.5465663075447083;1.5916457176208496
56;0.9848018884658813;0.08245522528886795;0.5512700080871582;1.5757410526275635
57;0.9859972596168518;0.07975412160158157;0.5710253715515137;1.5114128589630127
58;0.9853141903877258;0.0749950185418129;0.5794920325279236;1.479934573173523
59;0.9865095615386963;0.07368312776088715;0.6124176979064941;1.3947277069091797
60;0.9871926307678223;0.07218939065933228;0.6218250393867493;1.3481882810592651
61;0.9868510961532593;0.0712348222732544;0.6340545415878296;1.284923791885376
62;0.9892417788505554;0.06776490062475204;0.6425211429595947;1.2527748346328735
63;0.9900956153869629;0.06455347687005997;0.6472248435020447;1.2213890552520752
64;0.9882172346115112;0.06588304787874222;0.660395085811615;1.1772634983062744
65;0.9866803288459778;0.06460829079151154;0.6773282885551453;1.12859046459198
66;0.9887295365333557;0.06451120972633362;0.6895578503608704;1.078291416168213
67;0.9882172346115112;0.0644511803984642;0.6952022314071655;1.0620237588882446
68;0.9894125461578369;0.0584847666323185;0.7017874121665955;1.015222430229187
69;0.9880464673042297;0.060822952538728714;0.7111947536468506;0.9971470236778259
70;0.9890710115432739;0.0585760697722435;0.7196613550186157;0.951866865158081
71;0.9899248480796814;0.05747333914041519;0.738476037979126;0.9241735339164734
72;0.9878756999969482;0.05884620174765587;0.736594557762146;0.8838714361190796
73;0.9894125461578369;0.05701367184519768;0.7535277605056763;0.845470130443573
74;0.9895833134651184;0.05448812618851662;0.7582314014434814;0.8326907157897949
75;0.9892417788505554;0.053067248314619064;0.7714017033576965;0.760303258895874
76;0.9912909865379333;0.05089855566620827;0.7619943618774414;0.8123698234558105
77;0.9902663826942444;0.05058841407299042;0.7742239236831665;0.7521071434020996
78;0.9914617538452148;0.047844771295785904;0.7826905250549316;0.7197985053062439
79;0.9909494519233704;0.04406905919313431;0.7873941659927368;0.7106227278709412
80;0.9931694269180298;0.04439351707696915;0.7911571264266968;0.6857855916023254
81;0.9914617538452148;0.04397231340408325;0.7892756462097168;0.6845648884773254
82;0.9911202192306519;0.04528217762708664;0.7864534258842468;0.6821615099906921
83;0.9924863576889038;0.04385104402899742;0.8052681088447571;0.6591957807540894
84;0.9921448230743408;0.04306747391819954;0.8052681088447571;0.644995391368866
85;0.9923155903816223;0.04052586480975151;0.8118532299995422;0.6234614253044128
86;0.9919740557670593;0.04068329557776451;0.8071495890617371;0.6268502473831177
87;0.9926571249961853;0.03936123847961426;0.8184384107589722;0.6106997728347778
88;0.9948770403862;0.03627312555909157;0.8137347102165222;0.6264745593070984
89;0.9940232038497925;0.03637438267469406;0.8193790912628174;0.6073377132415771
90;0.9933401346206665;0.03634749352931976;0.8193790912628174;0.6233804821968079
91;0.993510901927948;0.03628150373697281;0.8212605714797974;0.6174139380455017
92;0.994535505771637;0.03406853601336479;0.8250235319137573;0.6001775860786438
93;0.9940232038497925;0.035748910158872604;0.8297271728515625;0.592599093914032
94;0.9955601096153259;0.03356000408530235;0.8353716135025024;0.5763351321220398
95;0.9940232038497925;0.03349129855632782;0.8476011157035828;0.5585942268371582
96;0.9957308769226074;0.03260016441345215;0.8381937742233276;0.5603595972061157
97;0.9955601096153259;0.03201813995838165;0.8447789549827576;0.5581561326980591
98;0.9957308769226074;0.031428754329681396;0.8428974747657776;0.5612832903862
99;0.9936816692352295;0.03345634788274765;0.8513640761375427;0.5232917666435242
100;0.994193971157074;0.031569965183734894;0.8523048162460327;0.5349119305610657
101;0.9955601096153259;0.03021184913814068;0.8428974747657776;0.5487932562828064
102;0.994535505771637;0.03240993246436119;0.8485418558120728;0.5503323674201965
103;0.993852436542511;0.03189590200781822;0.8457196354866028;0.5429617166519165
104;0.9928278923034668;0.033404141664505005;0.8523048162460327;0.539810299873352
105;0.9948770403862;0.030279656872153282;0.8504233360290527;0.5311899185180664
106;0.9923155903816223;0.03390521928668022;0.8476011157035828;0.5498124957084656
107;0.993510901927948;0.034468021243810654;0.8250235319137573;0.5811547636985779
108;0.993510901927948;0.031335603445768356;0.8532455563545227;0.5550609230995178
109;0.9923155903816223;0.03385823220014572;0.8400752544403076;0.5781779885292053
110;0.9955601096153259;0.027528157457709312;0.8494825959205627;0.5629642605781555
111;0.9950478076934814;0.026705559343099594;0.8344308733940125;0.5832111835479736
112;0.9967554807662964;0.023662475869059563;0.8476011157035828;0.5690076351165771
113;0.9965847134590149;0.023222804069519043;0.8476011157035828;0.5605502724647522
114;0.9960724115371704;0.02472677454352379;0.8504233360290527;0.5606151819229126
115;0.9970970153808594;0.023172901943325996;0.8457196354866028;0.5639230608940125
116;0.9970970153808594;0.022874021902680397;0.8551269769668579;0.5627527236938477
117;0.9962431788444519;0.023832028731703758;0.8466603755950928;0.5543919801712036
118;0.9959016442298889;0.023765236139297485;0.8485418558120728;0.5583623647689819
119;0.9955601096153259;0.023301875218749046;0.8428974747657776;0.5658450126647949
120;0.9977800250053406;0.02095106989145279;0.8419567346572876;0.5511307716369629
121;0.9974385499954224;0.02080104686319828;0.8428974747657776;0.5590728521347046
122;0.9976093173027039;0.020995307713747025;0.8570084571838379;0.553596019744873
123;0.9977800250053406;0.020674165338277817;0.8344308733940125;0.5789766311645508
124;0.9979507923126221;0.01831904612481594;0.8504233360290527;0.5709035396575928
125;0.9965847134590149;0.02072618529200554;0.8438382148742676;0.5867235660552979
126;0.9972677826881409;0.020322434604167938;0.8381937742233276;0.5867275595664978
127;0.9976093173027039;0.018566615879535675;0.8391345143318176;0.5953989028930664
128;0.9981215596199036;0.01935982145369053;0.8381937742233276;0.6072177886962891
129;0.9972677826881409;0.01825876161456108;0.8400752544403076;0.5777778625488281
130;0.9977800250053406;0.016925150528550148;0.8447789549827576;0.5589808821678162
131;0.9972677826881409;0.017208274453878403;0.8428974747657776;0.5847266912460327
132;0.9979507923126221;0.017070576548576355;0.8372530341148376;0.5881946682929993
133;0.9976093173027039;0.01819891296327114;0.8447789549827576;0.5861507654190063
134;0.9964139461517334;0.019168684259057045;0.8400752544403076;0.5854918360710144
135;0.9969262480735779;0.018916530534625053;0.8607714176177979;0.5448004007339478
136;0.994535505771637;0.02327069826424122;0.8466603755950928;0.5932535529136658
137;0.9970970153808594;0.018327733501791954;0.8334901332855225;0.6376156210899353
138;0.9969262480735779;0.018388081341981888;0.8485418558120728;0.6077775955200195
139;0.9977800250053406;0.017382098361849785;0.8428974747657776;0.6300650238990784
140;0.9970970153808594;0.019661525264382362;0.8457196354866028;0.6329453587532043
141;0.9967554807662964;0.019163157790899277;0.8325493931770325;0.6419215202331543
142;0.9982923269271851;0.015465295873582363;0.8400752544403076;0.6299727559089661
143;0.9982923269271851;0.014774657785892487;0.8447789549827576;0.5834397077560425
144;0.9984630942344666;0.014695418067276478;0.8410159945487976;0.5800409317016602
145;0.9977800250053406;0.015532526187598705;0.8438382148742676;0.5588610768318176
146;0.9984630942344666;0.014832202345132828;0.8579491972923279;0.5567237138748169
147;0.9982923269271851;0.013933145441114902;0.8428974747657776;0.5804450511932373
148;0.9982923269271851;0.014344260096549988;0.8541862368583679;0.5436058044433594
149;0.9981215596199036;0.014159989543259144;0.8466603755950928;0.5410230159759521
